{"C:\\Users\\Tom's Laptop\\Documents\\futureproofWork\\Lap4Project\\Bullhorn\\frontend\\src\\actions\\index.js": {"path":"C:\\Users\\Tom's Laptop\\Documents\\futureproofWork\\Lap4Project\\Bullhorn\\frontend\\src\\actions\\index.js","statementMap":{"0":{"start":{"line":3,"column":0},"end":{"line":3,"column":43}},"1":{"start":{"line":4,"column":0},"end":{"line":4,"column":45}},"2":{"start":{"line":6,"column":24},"end":{"line":14,"column":1}},"3":{"start":{"line":7,"column":4},"end":{"line":13,"column":5}},"4":{"start":{"line":8,"column":25},"end":{"line":8,"column":100}},"5":{"start":{"line":9,"column":21},"end":{"line":9,"column":34}},"6":{"start":{"line":10,"column":8},"end":{"line":10,"column":19}},"7":{"start":{"line":12,"column":8},"end":{"line":12,"column":25}},"8":{"start":{"line":16,"column":31},"end":{"line":24,"column":1}},"9":{"start":{"line":17,"column":4},"end":{"line":23,"column":5}},"10":{"start":{"line":18,"column":25},"end":{"line":18,"column":100}},"11":{"start":{"line":19,"column":21},"end":{"line":19,"column":34}},"12":{"start":{"line":20,"column":8},"end":{"line":20,"column":19}},"13":{"start":{"line":22,"column":8},"end":{"line":22,"column":25}},"14":{"start":{"line":26,"column":27},"end":{"line":43,"column":1}},"15":{"start":{"line":27,"column":4},"end":{"line":42,"column":5}},"16":{"start":{"line":28,"column":25},"end":{"line":28,"column":39}},"17":{"start":{"line":30,"column":8},"end":{"line":30,"column":67}},"18":{"start":{"line":31,"column":8},"end":{"line":31,"column":73}},"19":{"start":{"line":32,"column":8},"end":{"line":32,"column":66}},"20":{"start":{"line":33,"column":8},"end":{"line":33,"column":72}},"21":{"start":{"line":35,"column":25},"end":{"line":35,"column":89}},"22":{"start":{"line":36,"column":21},"end":{"line":36,"column":34}},"23":{"start":{"line":37,"column":8},"end":{"line":37,"column":25}},"24":{"start":{"line":38,"column":8},"end":{"line":39,"column":31}},"25":{"start":{"line":39,"column":9},"end":{"line":39,"column":30}},"26":{"start":{"line":41,"column":8},"end":{"line":41,"column":25}},"27":{"start":{"line":45,"column":30},"end":{"line":59,"column":1}},"28":{"start":{"line":46,"column":4},"end":{"line":58,"column":5}},"29":{"start":{"line":47,"column":25},"end":{"line":47,"column":39}},"30":{"start":{"line":49,"column":8},"end":{"line":49,"column":67}},"31":{"start":{"line":51,"column":25},"end":{"line":51,"column":89}},"32":{"start":{"line":52,"column":21},"end":{"line":52,"column":34}},"33":{"start":{"line":53,"column":8},"end":{"line":53,"column":25}},"34":{"start":{"line":54,"column":8},"end":{"line":55,"column":31}},"35":{"start":{"line":55,"column":9},"end":{"line":55,"column":30}},"36":{"start":{"line":57,"column":8},"end":{"line":57,"column":25}},"37":{"start":{"line":61,"column":27},"end":{"line":83,"column":1}},"38":{"start":{"line":62,"column":4},"end":{"line":82,"column":5}},"39":{"start":{"line":63,"column":25},"end":{"line":63,"column":83}},"40":{"start":{"line":65,"column":21},"end":{"line":65,"column":96}},"41":{"start":{"line":66,"column":25},"end":{"line":66,"column":37}},"42":{"start":{"line":67,"column":23},"end":{"line":67,"column":38}},"43":{"start":{"line":69,"column":25},"end":{"line":75,"column":9}},"44":{"start":{"line":76,"column":21},"end":{"line":76,"column":34}},"45":{"start":{"line":77,"column":8},"end":{"line":77,"column":25}},"46":{"start":{"line":78,"column":8},"end":{"line":79,"column":31}},"47":{"start":{"line":79,"column":9},"end":{"line":79,"column":30}},"48":{"start":{"line":81,"column":8},"end":{"line":81,"column":25}},"49":{"start":{"line":85,"column":32},"end":{"line":105,"column":1}},"50":{"start":{"line":86,"column":4},"end":{"line":104,"column":5}},"51":{"start":{"line":87,"column":25},"end":{"line":87,"column":83}},"52":{"start":{"line":89,"column":21},"end":{"line":89,"column":96}},"53":{"start":{"line":90,"column":23},"end":{"line":90,"column":38}},"54":{"start":{"line":92,"column":25},"end":{"line":97,"column":9}},"55":{"start":{"line":98,"column":21},"end":{"line":98,"column":34}},"56":{"start":{"line":99,"column":8},"end":{"line":99,"column":25}},"57":{"start":{"line":100,"column":8},"end":{"line":101,"column":31}},"58":{"start":{"line":101,"column":9},"end":{"line":101,"column":30}},"59":{"start":{"line":103,"column":8},"end":{"line":103,"column":25}},"60":{"start":{"line":107,"column":29},"end":{"line":126,"column":1}},"61":{"start":{"line":108,"column":4},"end":{"line":125,"column":5}},"62":{"start":{"line":109,"column":25},"end":{"line":109,"column":83}},"63":{"start":{"line":110,"column":21},"end":{"line":110,"column":96}},"64":{"start":{"line":111,"column":23},"end":{"line":111,"column":38}},"65":{"start":{"line":112,"column":25},"end":{"line":112,"column":58}},"66":{"start":{"line":113,"column":8},"end":{"line":113,"column":33}},"67":{"start":{"line":114,"column":27},"end":{"line":116,"column":9}},"68":{"start":{"line":118,"column":25},"end":{"line":118,"column":102}},"69":{"start":{"line":119,"column":21},"end":{"line":119,"column":34}},"70":{"start":{"line":120,"column":8},"end":{"line":120,"column":46}},"71":{"start":{"line":121,"column":8},"end":{"line":122,"column":31}},"72":{"start":{"line":122,"column":9},"end":{"line":122,"column":30}},"73":{"start":{"line":124,"column":8},"end":{"line":124,"column":25}},"74":{"start":{"line":128,"column":28},"end":{"line":147,"column":1}},"75":{"start":{"line":129,"column":4},"end":{"line":146,"column":5}},"76":{"start":{"line":130,"column":25},"end":{"line":130,"column":83}},"77":{"start":{"line":131,"column":21},"end":{"line":131,"column":96}},"78":{"start":{"line":132,"column":23},"end":{"line":132,"column":38}},"79":{"start":{"line":133,"column":25},"end":{"line":133,"column":58}},"80":{"start":{"line":134,"column":8},"end":{"line":134,"column":33}},"81":{"start":{"line":135,"column":27},"end":{"line":137,"column":9}},"82":{"start":{"line":139,"column":25},"end":{"line":139,"column":102}},"83":{"start":{"line":140,"column":21},"end":{"line":140,"column":34}},"84":{"start":{"line":141,"column":8},"end":{"line":141,"column":46}},"85":{"start":{"line":142,"column":8},"end":{"line":143,"column":31}},"86":{"start":{"line":143,"column":9},"end":{"line":143,"column":30}},"87":{"start":{"line":145,"column":8},"end":{"line":145,"column":25}}},"fnMap":{"0":{"name":"(anonymous_0)","decl":{"start":{"line":6,"column":24},"end":{"line":6,"column":25}},"loc":{"start":{"line":6,"column":44},"end":{"line":14,"column":1}},"line":6},"1":{"name":"(anonymous_1)","decl":{"start":{"line":16,"column":31},"end":{"line":16,"column":32}},"loc":{"start":{"line":16,"column":51},"end":{"line":24,"column":1}},"line":16},"2":{"name":"(anonymous_2)","decl":{"start":{"line":26,"column":27},"end":{"line":26,"column":28}},"loc":{"start":{"line":26,"column":40},"end":{"line":43,"column":1}},"line":26},"3":{"name":"(anonymous_3)","decl":{"start":{"line":45,"column":30},"end":{"line":45,"column":31}},"loc":{"start":{"line":45,"column":43},"end":{"line":59,"column":1}},"line":45},"4":{"name":"(anonymous_4)","decl":{"start":{"line":61,"column":27},"end":{"line":61,"column":28}},"loc":{"start":{"line":61,"column":40},"end":{"line":83,"column":1}},"line":61},"5":{"name":"(anonymous_5)","decl":{"start":{"line":85,"column":32},"end":{"line":85,"column":33}},"loc":{"start":{"line":85,"column":45},"end":{"line":105,"column":1}},"line":85},"6":{"name":"(anonymous_6)","decl":{"start":{"line":107,"column":29},"end":{"line":107,"column":30}},"loc":{"start":{"line":107,"column":49},"end":{"line":126,"column":1}},"line":107},"7":{"name":"(anonymous_7)","decl":{"start":{"line":128,"column":28},"end":{"line":128,"column":29}},"loc":{"start":{"line":128,"column":48},"end":{"line":147,"column":1}},"line":128}},"branchMap":{"0":{"loc":{"start":{"line":38,"column":8},"end":{"line":39,"column":31}},"type":"if","locations":[{"start":{"line":38,"column":8},"end":{"line":39,"column":31}},{"start":{},"end":{}}],"line":38},"1":{"loc":{"start":{"line":54,"column":8},"end":{"line":55,"column":31}},"type":"if","locations":[{"start":{"line":54,"column":8},"end":{"line":55,"column":31}},{"start":{},"end":{}}],"line":54},"2":{"loc":{"start":{"line":72,"column":28},"end":{"line":72,"column":84}},"type":"binary-expr","locations":[{"start":{"line":72,"column":28},"end":{"line":72,"column":59}},{"start":{"line":72,"column":63},"end":{"line":72,"column":84}}],"line":72},"3":{"loc":{"start":{"line":73,"column":27},"end":{"line":73,"column":82}},"type":"binary-expr","locations":[{"start":{"line":73,"column":27},"end":{"line":73,"column":58}},{"start":{"line":73,"column":62},"end":{"line":73,"column":82}}],"line":73},"4":{"loc":{"start":{"line":78,"column":8},"end":{"line":79,"column":31}},"type":"if","locations":[{"start":{"line":78,"column":8},"end":{"line":79,"column":31}},{"start":{},"end":{}}],"line":78},"5":{"loc":{"start":{"line":100,"column":8},"end":{"line":101,"column":31}},"type":"if","locations":[{"start":{"line":100,"column":8},"end":{"line":101,"column":31}},{"start":{},"end":{}}],"line":100},"6":{"loc":{"start":{"line":121,"column":8},"end":{"line":122,"column":31}},"type":"if","locations":[{"start":{"line":121,"column":8},"end":{"line":122,"column":31}},{"start":{},"end":{}}],"line":121},"7":{"loc":{"start":{"line":142,"column":8},"end":{"line":143,"column":31}},"type":"if","locations":[{"start":{"line":142,"column":8},"end":{"line":143,"column":31}},{"start":{},"end":{}}],"line":142}},"s":{"0":1,"1":1,"2":1,"3":1,"4":1,"5":1,"6":1,"7":0,"8":1,"9":1,"10":1,"11":1,"12":1,"13":0,"14":1,"15":0,"16":0,"17":0,"18":0,"19":0,"20":0,"21":0,"22":0,"23":0,"24":0,"25":0,"26":0,"27":1,"28":1,"29":1,"30":1,"31":0,"32":0,"33":0,"34":0,"35":0,"36":1,"37":1,"38":0,"39":0,"40":0,"41":0,"42":0,"43":0,"44":0,"45":0,"46":0,"47":0,"48":0,"49":1,"50":0,"51":0,"52":0,"53":0,"54":0,"55":0,"56":0,"57":0,"58":0,"59":0,"60":1,"61":0,"62":0,"63":0,"64":0,"65":0,"66":0,"67":0,"68":0,"69":0,"70":0,"71":0,"72":0,"73":0,"74":1,"75":1,"76":1,"77":0,"78":0,"79":0,"80":0,"81":0,"82":0,"83":0,"84":0,"85":0,"86":0,"87":1},"f":{"0":1,"1":1,"2":0,"3":1,"4":0,"5":0,"6":0,"7":1},"b":{"0":[0,0],"1":[0,0],"2":[0,0],"3":[0,0],"4":[0,0],"5":[0,0],"6":[0,0],"7":[0,0]},"_coverageSchema":"1a1c01bbd47fc00a2c39e90264f33305004495a9","hash":"e0d2733e3c6546f7367623b74b8c08970b907c6f"}
,"C:\\Users\\Tom's Laptop\\Documents\\futureproofWork\\Lap4Project\\Bullhorn\\frontend\\src\\components\\BackButton\\index.js": {"path":"C:\\Users\\Tom's Laptop\\Documents\\futureproofWork\\Lap4Project\\Bullhorn\\frontend\\src\\components\\BackButton\\index.js","statementMap":{"0":{"start":{"line":4,"column":19},"end":{"line":13,"column":1}},"1":{"start":{"line":6,"column":17},"end":{"line":6,"column":30}},"2":{"start":{"line":8,"column":4},"end":{"line":12,"column":5}},"3":{"start":{"line":10,"column":30},"end":{"line":10,"column":38}}},"fnMap":{"0":{"name":"(anonymous_0)","decl":{"start":{"line":4,"column":19},"end":{"line":4,"column":20}},"loc":{"start":{"line":4,"column":25},"end":{"line":13,"column":1}},"line":4},"1":{"name":"(anonymous_1)","decl":{"start":{"line":10,"column":25},"end":{"line":10,"column":26}},"loc":{"start":{"line":10,"column":29},"end":{"line":10,"column":39}},"line":10}},"branchMap":{},"s":{"0":1,"1":1,"2":1,"3":0},"f":{"0":1,"1":0},"b":{},"_coverageSchema":"1a1c01bbd47fc00a2c39e90264f33305004495a9","hash":"482f4ac8988b782b5eafcb11ef180de89a3fef56"}
,"C:\\Users\\Tom's Laptop\\Documents\\futureproofWork\\Lap4Project\\Bullhorn\\frontend\\src\\components\\EditButton\\index.js": {"path":"C:\\Users\\Tom's Laptop\\Documents\\futureproofWork\\Lap4Project\\Bullhorn\\frontend\\src\\components\\EditButton\\index.js","statementMap":{"0":{"start":{"line":4,"column":19},"end":{"line":13,"column":1}},"1":{"start":{"line":6,"column":17},"end":{"line":6,"column":30}},"2":{"start":{"line":8,"column":4},"end":{"line":12,"column":5}},"3":{"start":{"line":10,"column":30},"end":{"line":10,"column":43}}},"fnMap":{"0":{"name":"(anonymous_0)","decl":{"start":{"line":4,"column":19},"end":{"line":4,"column":20}},"loc":{"start":{"line":4,"column":25},"end":{"line":13,"column":1}},"line":4},"1":{"name":"(anonymous_1)","decl":{"start":{"line":10,"column":25},"end":{"line":10,"column":26}},"loc":{"start":{"line":10,"column":29},"end":{"line":10,"column":44}},"line":10}},"branchMap":{},"s":{"0":1,"1":2,"2":2,"3":0},"f":{"0":2,"1":0},"b":{},"_coverageSchema":"1a1c01bbd47fc00a2c39e90264f33305004495a9","hash":"e8eadabac72977ccd01e51e167212551ea98cead"}
}
