TN:
SF:src/actions/index.js
FN:6,(anonymous_0)
FN:16,(anonymous_1)
FN:26,(anonymous_2)
FN:45,(anonymous_3)
FN:61,(anonymous_4)
FN:85,(anonymous_5)
FN:107,(anonymous_6)
FN:128,(anonymous_7)
FNF:8
FNH:4
FNDA:1,(anonymous_0)
FNDA:1,(anonymous_1)
FNDA:0,(anonymous_2)
FNDA:1,(anonymous_3)
FNDA:0,(anonymous_4)
FNDA:0,(anonymous_5)
FNDA:0,(anonymous_6)
FNDA:1,(anonymous_7)
DA:3,4
DA:4,4
DA:6,4
DA:7,1
DA:8,1
DA:9,1
DA:10,1
DA:12,0
DA:16,4
DA:17,1
DA:18,1
DA:19,1
DA:20,1
DA:22,0
DA:26,4
DA:27,0
DA:28,0
DA:30,0
DA:31,0
DA:32,0
DA:33,0
DA:35,0
DA:36,0
DA:37,0
DA:38,0
DA:39,0
DA:41,0
DA:45,4
DA:46,1
DA:47,1
DA:49,1
DA:51,0
DA:52,0
DA:53,0
DA:54,0
DA:55,0
DA:57,1
DA:61,4
DA:62,0
DA:63,0
DA:65,0
DA:66,0
DA:67,0
DA:69,0
DA:76,0
DA:77,0
DA:78,0
DA:79,0
DA:81,0
DA:85,4
DA:86,0
DA:87,0
DA:89,0
DA:90,0
DA:92,0
DA:98,0
DA:99,0
DA:100,0
DA:101,0
DA:103,0
DA:107,4
DA:108,0
DA:109,0
DA:110,0
DA:111,0
DA:112,0
DA:113,0
DA:114,0
DA:118,0
DA:119,0
DA:120,0
DA:121,0
DA:122,0
DA:124,0
DA:128,4
DA:129,1
DA:130,1
DA:131,0
DA:132,0
DA:133,0
DA:134,0
DA:135,0
DA:139,0
DA:140,0
DA:141,0
DA:142,0
DA:143,0
DA:145,1
LF:88
LH:25
BRDA:38,0,0,0
BRDA:38,0,1,0
BRDA:54,1,0,0
BRDA:54,1,1,0
BRDA:72,2,0,0
BRDA:72,2,1,0
BRDA:73,3,0,0
BRDA:73,3,1,0
BRDA:78,4,0,0
BRDA:78,4,1,0
BRDA:100,5,0,0
BRDA:100,5,1,0
BRDA:121,6,0,0
BRDA:121,6,1,0
BRDA:142,7,0,0
BRDA:142,7,1,0
BRF:16
BRH:0
end_of_record
TN:
SF:src/components/BackButton/index.js
FN:4,(anonymous_0)
FN:10,(anonymous_1)
FNF:2
FNH:1
FNDA:1,(anonymous_0)
FNDA:0,(anonymous_1)
DA:4,2
DA:6,1
DA:8,1
DA:10,0
LF:4
LH:3
BRF:0
BRH:0
end_of_record
TN:
SF:src/components/EditButton/index.js
FN:4,(anonymous_0)
FN:10,(anonymous_1)
FNF:2
FNH:1
FNDA:2,(anonymous_0)
FNDA:0,(anonymous_1)
DA:4,2
DA:6,2
DA:8,2
DA:10,0
LF:4
LH:3
BRF:0
BRH:0
end_of_record
TN:
SF:src/components/FollowButton/index.js
FN:5,(anonymous_0)
FN:9,(anonymous_1)
FNF:2
FNH:1
FNDA:2,(anonymous_0)
FNDA:0,(anonymous_1)
DA:5,3
DA:7,2
DA:9,2
DA:10,0
DA:11,0
DA:14,2
LF:6
LH:4
BRF:0
BRH:0
end_of_record
TN:
SF:src/components/Hamburger/index.js
FN:4,(anonymous_0)
FN:16,(anonymous_1)
FN:19,(anonymous_2)
FN:20,(anonymous_3)
FN:21,(anonymous_4)
FN:22,(anonymous_5)
FNF:6
FNH:1
FNDA:5,(anonymous_0)
FNDA:0,(anonymous_1)
FNDA:0,(anonymous_2)
FNDA:0,(anonymous_3)
FNDA:0,(anonymous_4)
FNDA:0,(anonymous_5)
DA:4,1
DA:6,5
DA:8,0
DA:10,0
DA:12,0
DA:16,0
DA:19,0
DA:20,0
DA:21,0
DA:22,0
LF:10
LH:2
BRDA:15,0,0,0
BRDA:15,0,1,0
BRDA:18,1,0,0
BRDA:18,1,1,0
BRF:4
BRH:0
end_of_record
TN:
SF:src/components/Header/index.js
FN:5,(anonymous_0)
FN:12,(anonymous_1)
FNF:2
FNH:1
FNDA:3,(anonymous_0)
FNDA:0,(anonymous_1)
DA:5,1
DA:6,3
DA:8,3
DA:12,0
LF:4
LH:3
BRF:0
BRH:0
end_of_record
TN:
SF:src/components/ProfileBlock/index.js
FN:9,(anonymous_0)
FN:17,(anonymous_1)
FN:18,getData
FN:25,(anonymous_3)
FN:26,getFollower
FN:34,(anonymous_5)
FNF:6
FNH:1
FNDA:5,(anonymous_0)
FNDA:0,(anonymous_1)
FNDA:0,getData
FNDA:0,(anonymous_3)
FNDA:0,getFollower
FNDA:0,(anonymous_5)
DA:9,1
DA:11,5
DA:12,5
DA:13,4
DA:14,4
DA:15,4
DA:17,4
DA:19,0
DA:20,0
DA:22,0
DA:25,4
DA:27,0
DA:28,0
DA:29,0
DA:31,0
DA:34,4
DA:35,0
DA:39,4
DA:40,0
DA:53,0
LF:20
LH:10
BRDA:39,0,0,0
BRDA:39,0,1,0
BRDA:39,1,0,4
BRDA:39,1,1,4
BRF:4
BRH:2
end_of_record
TN:
SF:src/components/Tweet/index.js
FN:7,(anonymous_0)
FNF:1
FNH:1
FNDA:1,(anonymous_0)
DA:7,1
DA:8,1
DA:9,1
LF:3
LH:3
BRF:0
BRH:0
end_of_record
